<?xml version="1.0" encoding="UTF-8"?>
<testng-results skipped="0" failed="0" ignored="0" total="1" passed="1">
  <reporter-output>
  </reporter-output>
  <suite name="test-parameter" duration-ms="45" started-at="2017-02-05T18:57:38Z" finished-at="2017-02-05T18:57:38Z">
    <groups>
    </groups>
    <test name="example1" duration-ms="45" started-at="2017-02-05T18:57:38Z" finished-at="2017-02-05T18:57:38Z">
      <class name="com.nitin.test.XMLReader.TestParameterXML">
        <test-method status="PASS" signature="createConnection(java.lang.String, int)[pri:0, instance:com.nitin.test.XMLReader.TestParameterXML@ee68d8]" name="createConnection" duration-ms="13" started-at="2017-02-06T00:27:38Z" finished-at="2017-02-06T00:27:38Z">
          <params>
            <param index="0">
              <value>
                <![CDATA[db.properties]]>
              </value>
            </param>
            <param index="1">
              <value>
                <![CDATA[10]]>
              </value>
            </param>
          </params>
          <reporter-output>
          </reporter-output>
        </test-method> <!-- createConnection -->
      </class> <!-- com.nitin.test.XMLReader.TestParameterXML -->
    </test> <!-- example1 -->
  </suite> <!-- test-parameter -->
</testng-results>
